Classic Timing Analyzer report for lab12
Fri Nov 29 12:04:27 2013
Quartus II Version 9.1 Build 222 10/21/2009 SJ Web Edition


---------------------
; Table of Contents ;
---------------------
  1. Legal Notice
  2. Timing Analyzer Summary
  3. Timing Analyzer Settings
  4. Clock Settings Summary
  5. Parallel Compilation
  6. Clock Setup: 'CLOCK_50'
  7. tsu
  8. tco
  9. th
 10. Timing Analyzer Messages



----------------
; Legal Notice ;
----------------
Copyright (C) 1991-2009 Altera Corporation
Your use of Altera Corporation's design tools, logic functions 
and other software and tools, and its AMPP partner logic 
functions, and any output files from any of the foregoing 
(including device programming or simulation files), and any 
associated documentation or information are expressly subject 
to the terms and conditions of the Altera Program License 
Subscription Agreement, Altera MegaCore Function License 
Agreement, or other applicable license agreement, including, 
without limitation, that your use is for the sole purpose of 
programming logic devices manufactured by Altera and sold by 
Altera or its authorized distributors.  Please refer to the 
applicable agreement for further details.



+----------------------------------------------------------------------------------------------------------------------------------------------------------------------------------+
; Timing Analyzer Summary                                                                                                                                                          ;
+------------------------------+-------+---------------+----------------------------------+---------------------------+---------------------+------------+----------+--------------+
; Type                         ; Slack ; Required Time ; Actual Time                      ; From                      ; To                  ; From Clock ; To Clock ; Failed Paths ;
+------------------------------+-------+---------------+----------------------------------+---------------------------+---------------------+------------+----------+--------------+
; Worst-case tsu               ; N/A   ; None          ; -3.562 ns                        ; SW[3]                     ; 74195:inst|18       ; --         ; CLOCK_50 ; 0            ;
; Worst-case tco               ; N/A   ; None          ; 10.621 ns                        ; 74161:inst9|f74161:sub|87 ; LEDG[1]             ; CLOCK_50   ; --       ; 0            ;
; Worst-case th                ; N/A   ; None          ; 3.911 ns                         ; SW[0]                     ; 74195:inst|15       ; --         ; CLOCK_50 ; 0            ;
; Clock Setup: 'CLOCK_50'      ; N/A   ; None          ; 229.52 MHz ( period = 4.357 ns ) ; fdiv:inst2|cont[0]        ; fdiv:inst2|cont[24] ; CLOCK_50   ; CLOCK_50 ; 0            ;
; Total number of failed paths ;       ;               ;                                  ;                           ;                     ;            ;          ; 0            ;
+------------------------------+-------+---------------+----------------------------------+---------------------------+---------------------+------------+----------+--------------+


+-----------------------------------------------------------------------------------------------------------------------------------------------------+
; Timing Analyzer Settings                                                                                                                            ;
+------------------------------------------------------------------------------------------------------+--------------------+------+----+-------------+
; Option                                                                                               ; Setting            ; From ; To ; Entity Name ;
+------------------------------------------------------------------------------------------------------+--------------------+------+----+-------------+
; Device Name                                                                                          ; EP2C35F672C6       ;      ;    ;             ;
; Timing Models                                                                                        ; Final              ;      ;    ;             ;
; Default hold multicycle                                                                              ; Same as Multicycle ;      ;    ;             ;
; Cut paths between unrelated clock domains                                                            ; On                 ;      ;    ;             ;
; Cut off read during write signal paths                                                               ; On                 ;      ;    ;             ;
; Cut off feedback from I/O pins                                                                       ; On                 ;      ;    ;             ;
; Report Combined Fast/Slow Timing                                                                     ; Off                ;      ;    ;             ;
; Ignore Clock Settings                                                                                ; Off                ;      ;    ;             ;
; Analyze latches as synchronous elements                                                              ; On                 ;      ;    ;             ;
; Enable Recovery/Removal analysis                                                                     ; Off                ;      ;    ;             ;
; Enable Clock Latency                                                                                 ; Off                ;      ;    ;             ;
; Use TimeQuest Timing Analyzer                                                                        ; Off                ;      ;    ;             ;
; Minimum Core Junction Temperature                                                                    ; 0                  ;      ;    ;             ;
; Maximum Core Junction Temperature                                                                    ; 85                 ;      ;    ;             ;
; Number of source nodes to report per destination node                                                ; 10                 ;      ;    ;             ;
; Number of destination nodes to report                                                                ; 10                 ;      ;    ;             ;
; Number of paths to report                                                                            ; 200                ;      ;    ;             ;
; Report Minimum Timing Checks                                                                         ; Off                ;      ;    ;             ;
; Use Fast Timing Models                                                                               ; Off                ;      ;    ;             ;
; Report IO Paths Separately                                                                           ; Off                ;      ;    ;             ;
; Perform Multicorner Analysis                                                                         ; On                 ;      ;    ;             ;
; Reports the worst-case path for each clock domain and analysis                                       ; Off                ;      ;    ;             ;
; Reports worst-case timing paths for each clock domain and analysis                                   ; On                 ;      ;    ;             ;
; Specifies the maximum number of worst-case timing paths to report for each clock domain and analysis ; 100                ;      ;    ;             ;
; Removes common clock path pessimism (CCPP) during slack computation                                  ; Off                ;      ;    ;             ;
; Output I/O Timing Endpoint                                                                           ; Near End           ;      ;    ;             ;
+------------------------------------------------------------------------------------------------------+--------------------+------+----+-------------+


+------------------------------------------------------------------------------------------------------------------------------------------------------------------------------------+
; Clock Settings Summary                                                                                                                                                             ;
+-----------------+--------------------+----------+------------------+---------------+--------------+----------+-----------------------+---------------------+--------+--------------+
; Clock Node Name ; Clock Setting Name ; Type     ; Fmax Requirement ; Early Latency ; Late Latency ; Based on ; Multiply Base Fmax by ; Divide Base Fmax by ; Offset ; Phase offset ;
+-----------------+--------------------+----------+------------------+---------------+--------------+----------+-----------------------+---------------------+--------+--------------+
; CLOCK_50        ;                    ; User Pin ; None             ; 0.000 ns      ; 0.000 ns     ; --       ; N/A                   ; N/A                 ; N/A    ;              ;
+-----------------+--------------------+----------+------------------+---------------+--------------+----------+-----------------------+---------------------+--------+--------------+


Parallel compilation was disabled, but you have multiple processors available. Enable parallel compilation to reduce compilation time.
+-------------------------------------+
; Parallel Compilation                ;
+----------------------------+--------+
; Processors                 ; Number ;
+----------------------------+--------+
; Number detected on machine ; 2      ;
; Maximum allowed            ; 1      ;
+----------------------------+--------+


+-------------------------------------------------------------------------------------------------------------------------------------------------------------------------------------------------------------------------------------------------------+
; Clock Setup: 'CLOCK_50'                                                                                                                                                                                                                               ;
+-----------------------------------------+-----------------------------------------------------+---------------------+---------------------+------------+----------+-----------------------------+---------------------------+-------------------------+
; Slack                                   ; Actual fmax (period)                                ; From                ; To                  ; From Clock ; To Clock ; Required Setup Relationship ; Required Longest P2P Time ; Actual Longest P2P Time ;
+-----------------------------------------+-----------------------------------------------------+---------------------+---------------------+------------+----------+-----------------------------+---------------------------+-------------------------+
; N/A                                     ; 229.52 MHz ( period = 4.357 ns )                    ; fdiv:inst2|cont[0]  ; fdiv:inst2|cont[24] ; CLOCK_50   ; CLOCK_50 ; None                        ; None                      ; 4.143 ns                ;
; N/A                                     ; 244.26 MHz ( period = 4.094 ns )                    ; fdiv:inst2|cont[1]  ; fdiv:inst2|cont[24] ; CLOCK_50   ; CLOCK_50 ; None                        ; None                      ; 3.881 ns                ;
; N/A                                     ; 248.20 MHz ( period = 4.029 ns )                    ; fdiv:inst2|cont[2]  ; fdiv:inst2|cont[24] ; CLOCK_50   ; CLOCK_50 ; None                        ; None                      ; 3.816 ns                ;
; N/A                                     ; 250.63 MHz ( period = 3.990 ns )                    ; fdiv:inst2|cont[3]  ; fdiv:inst2|cont[24] ; CLOCK_50   ; CLOCK_50 ; None                        ; None                      ; 3.777 ns                ;
; N/A                                     ; 251.45 MHz ( period = 3.977 ns )                    ; fdiv:inst2|cont[0]  ; fdiv:inst2|cont[31] ; CLOCK_50   ; CLOCK_50 ; None                        ; None                      ; 3.771 ns                ;
; N/A                                     ; 254.39 MHz ( period = 3.931 ns )                    ; fdiv:inst2|cont[29] ; fdiv:inst2|cont[18] ; CLOCK_50   ; CLOCK_50 ; None                        ; None                      ; 3.719 ns                ;
; N/A                                     ; 254.39 MHz ( period = 3.931 ns )                    ; fdiv:inst2|cont[29] ; fdiv:inst2|cont[19] ; CLOCK_50   ; CLOCK_50 ; None                        ; None                      ; 3.719 ns                ;
; N/A                                     ; 254.45 MHz ( period = 3.930 ns )                    ; fdiv:inst2|cont[17] ; fdiv:inst2|cont[18] ; CLOCK_50   ; CLOCK_50 ; None                        ; None                      ; 3.718 ns                ;
; N/A                                     ; 254.45 MHz ( period = 3.930 ns )                    ; fdiv:inst2|cont[17] ; fdiv:inst2|cont[19] ; CLOCK_50   ; CLOCK_50 ; None                        ; None                      ; 3.718 ns                ;
; N/A                                     ; 255.17 MHz ( period = 3.919 ns )                    ; fdiv:inst2|cont[6]  ; fdiv:inst2|cont[24] ; CLOCK_50   ; CLOCK_50 ; None                        ; None                      ; 3.705 ns                ;
; N/A                                     ; 256.02 MHz ( period = 3.906 ns )                    ; fdiv:inst2|cont[0]  ; fdiv:inst2|cont[30] ; CLOCK_50   ; CLOCK_50 ; None                        ; None                      ; 3.700 ns                ;
; N/A                                     ; 257.27 MHz ( period = 3.887 ns )                    ; fdiv:inst2|cont[4]  ; fdiv:inst2|cont[24] ; CLOCK_50   ; CLOCK_50 ; None                        ; None                      ; 3.674 ns                ;
; N/A                                     ; 257.40 MHz ( period = 3.885 ns )                    ; fdiv:inst2|cont[18] ; fdiv:inst2|cont[18] ; CLOCK_50   ; CLOCK_50 ; None                        ; None                      ; 3.671 ns                ;
; N/A                                     ; 257.40 MHz ( period = 3.885 ns )                    ; fdiv:inst2|cont[18] ; fdiv:inst2|cont[19] ; CLOCK_50   ; CLOCK_50 ; None                        ; None                      ; 3.671 ns                ;
; N/A                                     ; 259.27 MHz ( period = 3.857 ns )                    ; fdiv:inst2|cont[19] ; fdiv:inst2|cont[18] ; CLOCK_50   ; CLOCK_50 ; None                        ; None                      ; 3.643 ns                ;
; N/A                                     ; 259.27 MHz ( period = 3.857 ns )                    ; fdiv:inst2|cont[19] ; fdiv:inst2|cont[19] ; CLOCK_50   ; CLOCK_50 ; None                        ; None                      ; 3.643 ns                ;
; N/A                                     ; 259.88 MHz ( period = 3.848 ns )                    ; fdiv:inst2|cont[5]  ; fdiv:inst2|cont[24] ; CLOCK_50   ; CLOCK_50 ; None                        ; None                      ; 3.635 ns                ;
; N/A                                     ; 260.28 MHz ( period = 3.842 ns )                    ; fdiv:inst2|cont[30] ; fdiv:inst2|cont[18] ; CLOCK_50   ; CLOCK_50 ; None                        ; None                      ; 3.630 ns                ;
; N/A                                     ; 260.28 MHz ( period = 3.842 ns )                    ; fdiv:inst2|cont[30] ; fdiv:inst2|cont[19] ; CLOCK_50   ; CLOCK_50 ; None                        ; None                      ; 3.630 ns                ;
; N/A                                     ; 260.48 MHz ( period = 3.839 ns )                    ; fdiv:inst2|cont[31] ; fdiv:inst2|cont[18] ; CLOCK_50   ; CLOCK_50 ; None                        ; None                      ; 3.627 ns                ;
; N/A                                     ; 260.48 MHz ( period = 3.839 ns )                    ; fdiv:inst2|cont[31] ; fdiv:inst2|cont[19] ; CLOCK_50   ; CLOCK_50 ; None                        ; None                      ; 3.627 ns                ;
; N/A                                     ; 260.76 MHz ( period = 3.835 ns )                    ; fdiv:inst2|cont[0]  ; fdiv:inst2|cont[29] ; CLOCK_50   ; CLOCK_50 ; None                        ; None                      ; 3.629 ns                ;
; N/A                                     ; 260.82 MHz ( period = 3.834 ns )                    ; fdiv:inst2|cont[29] ; fdiv:inst2|cont[20] ; CLOCK_50   ; CLOCK_50 ; None                        ; None                      ; 3.622 ns                ;
; N/A                                     ; 260.89 MHz ( period = 3.833 ns )                    ; fdiv:inst2|cont[17] ; fdiv:inst2|cont[20] ; CLOCK_50   ; CLOCK_50 ; None                        ; None                      ; 3.621 ns                ;
; N/A                                     ; 260.96 MHz ( period = 3.832 ns )                    ; fdiv:inst2|cont[28] ; fdiv:inst2|cont[18] ; CLOCK_50   ; CLOCK_50 ; None                        ; None                      ; 3.620 ns                ;
; N/A                                     ; 260.96 MHz ( period = 3.832 ns )                    ; fdiv:inst2|cont[28] ; fdiv:inst2|cont[19] ; CLOCK_50   ; CLOCK_50 ; None                        ; None                      ; 3.620 ns                ;
; N/A                                     ; 261.10 MHz ( period = 3.830 ns )                    ; fdiv:inst2|cont[29] ; fdiv:inst2|cont[22] ; CLOCK_50   ; CLOCK_50 ; None                        ; None                      ; 3.618 ns                ;
; N/A                                     ; 261.16 MHz ( period = 3.829 ns )                    ; fdiv:inst2|cont[17] ; fdiv:inst2|cont[22] ; CLOCK_50   ; CLOCK_50 ; None                        ; None                      ; 3.617 ns                ;
; N/A                                     ; 261.30 MHz ( period = 3.827 ns )                    ; fdiv:inst2|cont[29] ; fdiv:inst2|cont[21] ; CLOCK_50   ; CLOCK_50 ; None                        ; None                      ; 3.615 ns                ;
; N/A                                     ; 261.37 MHz ( period = 3.826 ns )                    ; fdiv:inst2|cont[29] ; fdiv:inst2|cont[16] ; CLOCK_50   ; CLOCK_50 ; None                        ; None                      ; 3.614 ns                ;
; N/A                                     ; 261.37 MHz ( period = 3.826 ns )                    ; fdiv:inst2|cont[17] ; fdiv:inst2|cont[21] ; CLOCK_50   ; CLOCK_50 ; None                        ; None                      ; 3.614 ns                ;
; N/A                                     ; 261.44 MHz ( period = 3.825 ns )                    ; fdiv:inst2|cont[17] ; fdiv:inst2|cont[16] ; CLOCK_50   ; CLOCK_50 ; None                        ; None                      ; 3.613 ns                ;
; N/A                                     ; 261.57 MHz ( period = 3.823 ns )                    ; fdiv:inst2|cont[25] ; fdiv:inst2|cont[18] ; CLOCK_50   ; CLOCK_50 ; None                        ; None                      ; 3.611 ns                ;
; N/A                                     ; 261.57 MHz ( period = 3.823 ns )                    ; fdiv:inst2|cont[25] ; fdiv:inst2|cont[19] ; CLOCK_50   ; CLOCK_50 ; None                        ; None                      ; 3.611 ns                ;
; N/A                                     ; 261.71 MHz ( period = 3.821 ns )                    ; fdiv:inst2|cont[0]  ; fdiv:inst2|cont[22] ; CLOCK_50   ; CLOCK_50 ; None                        ; None                      ; 3.617 ns                ;
; N/A                                     ; 263.99 MHz ( period = 3.788 ns )                    ; fdiv:inst2|cont[18] ; fdiv:inst2|cont[20] ; CLOCK_50   ; CLOCK_50 ; None                        ; None                      ; 3.574 ns                ;
; N/A                                     ; 264.27 MHz ( period = 3.784 ns )                    ; fdiv:inst2|cont[18] ; fdiv:inst2|cont[22] ; CLOCK_50   ; CLOCK_50 ; None                        ; None                      ; 3.570 ns                ;
; N/A                                     ; 264.48 MHz ( period = 3.781 ns )                    ; fdiv:inst2|cont[18] ; fdiv:inst2|cont[21] ; CLOCK_50   ; CLOCK_50 ; None                        ; None                      ; 3.567 ns                ;
; N/A                                     ; 264.55 MHz ( period = 3.780 ns )                    ; fdiv:inst2|cont[18] ; fdiv:inst2|cont[16] ; CLOCK_50   ; CLOCK_50 ; None                        ; None                      ; 3.566 ns                ;
; N/A                                     ; 265.67 MHz ( period = 3.764 ns )                    ; fdiv:inst2|cont[0]  ; fdiv:inst2|cont[28] ; CLOCK_50   ; CLOCK_50 ; None                        ; None                      ; 3.558 ns                ;
; N/A                                     ; 265.96 MHz ( period = 3.760 ns )                    ; fdiv:inst2|cont[19] ; fdiv:inst2|cont[20] ; CLOCK_50   ; CLOCK_50 ; None                        ; None                      ; 3.546 ns                ;
; N/A                                     ; 266.24 MHz ( period = 3.756 ns )                    ; fdiv:inst2|cont[0]  ; fdiv:inst2|cont[21] ; CLOCK_50   ; CLOCK_50 ; None                        ; None                      ; 3.552 ns                ;
; N/A                                     ; 266.24 MHz ( period = 3.756 ns )                    ; fdiv:inst2|cont[19] ; fdiv:inst2|cont[22] ; CLOCK_50   ; CLOCK_50 ; None                        ; None                      ; 3.542 ns                ;
; N/A                                     ; 266.45 MHz ( period = 3.753 ns )                    ; fdiv:inst2|cont[19] ; fdiv:inst2|cont[21] ; CLOCK_50   ; CLOCK_50 ; None                        ; None                      ; 3.539 ns                ;
; N/A                                     ; 266.52 MHz ( period = 3.752 ns )                    ; fdiv:inst2|cont[19] ; fdiv:inst2|cont[16] ; CLOCK_50   ; CLOCK_50 ; None                        ; None                      ; 3.538 ns                ;
; N/A                                     ; 267.02 MHz ( period = 3.745 ns )                    ; fdiv:inst2|cont[30] ; fdiv:inst2|cont[20] ; CLOCK_50   ; CLOCK_50 ; None                        ; None                      ; 3.533 ns                ;
; N/A                                     ; 267.24 MHz ( period = 3.742 ns )                    ; fdiv:inst2|cont[31] ; fdiv:inst2|cont[20] ; CLOCK_50   ; CLOCK_50 ; None                        ; None                      ; 3.530 ns                ;
; N/A                                     ; 267.31 MHz ( period = 3.741 ns )                    ; fdiv:inst2|cont[0]  ; fdiv:inst2|cont[19] ; CLOCK_50   ; CLOCK_50 ; None                        ; None                      ; 3.537 ns                ;
; N/A                                     ; 267.31 MHz ( period = 3.741 ns )                    ; fdiv:inst2|cont[30] ; fdiv:inst2|cont[22] ; CLOCK_50   ; CLOCK_50 ; None                        ; None                      ; 3.529 ns                ;
; N/A                                     ; 267.45 MHz ( period = 3.739 ns )                    ; fdiv:inst2|cont[26] ; fdiv:inst2|cont[18] ; CLOCK_50   ; CLOCK_50 ; None                        ; None                      ; 3.527 ns                ;
; N/A                                     ; 267.45 MHz ( period = 3.739 ns )                    ; fdiv:inst2|cont[26] ; fdiv:inst2|cont[19] ; CLOCK_50   ; CLOCK_50 ; None                        ; None                      ; 3.527 ns                ;
; N/A                                     ; 267.52 MHz ( period = 3.738 ns )                    ; fdiv:inst2|cont[30] ; fdiv:inst2|cont[21] ; CLOCK_50   ; CLOCK_50 ; None                        ; None                      ; 3.526 ns                ;
; N/A                                     ; 267.52 MHz ( period = 3.738 ns )                    ; fdiv:inst2|cont[31] ; fdiv:inst2|cont[22] ; CLOCK_50   ; CLOCK_50 ; None                        ; None                      ; 3.526 ns                ;
; N/A                                     ; 267.59 MHz ( period = 3.737 ns )                    ; fdiv:inst2|cont[30] ; fdiv:inst2|cont[16] ; CLOCK_50   ; CLOCK_50 ; None                        ; None                      ; 3.525 ns                ;
; N/A                                     ; 267.74 MHz ( period = 3.735 ns )                    ; fdiv:inst2|cont[31] ; fdiv:inst2|cont[21] ; CLOCK_50   ; CLOCK_50 ; None                        ; None                      ; 3.523 ns                ;
; N/A                                     ; 267.74 MHz ( period = 3.735 ns )                    ; fdiv:inst2|cont[28] ; fdiv:inst2|cont[20] ; CLOCK_50   ; CLOCK_50 ; None                        ; None                      ; 3.523 ns                ;
; N/A                                     ; 267.81 MHz ( period = 3.734 ns )                    ; fdiv:inst2|cont[31] ; fdiv:inst2|cont[16] ; CLOCK_50   ; CLOCK_50 ; None                        ; None                      ; 3.522 ns                ;
; N/A                                     ; 268.02 MHz ( period = 3.731 ns )                    ; fdiv:inst2|cont[28] ; fdiv:inst2|cont[22] ; CLOCK_50   ; CLOCK_50 ; None                        ; None                      ; 3.519 ns                ;
; N/A                                     ; 268.24 MHz ( period = 3.728 ns )                    ; fdiv:inst2|cont[28] ; fdiv:inst2|cont[21] ; CLOCK_50   ; CLOCK_50 ; None                        ; None                      ; 3.516 ns                ;
; N/A                                     ; 268.31 MHz ( period = 3.727 ns )                    ; fdiv:inst2|cont[28] ; fdiv:inst2|cont[16] ; CLOCK_50   ; CLOCK_50 ; None                        ; None                      ; 3.515 ns                ;
; N/A                                     ; 268.38 MHz ( period = 3.726 ns )                    ; fdiv:inst2|cont[25] ; fdiv:inst2|cont[20] ; CLOCK_50   ; CLOCK_50 ; None                        ; None                      ; 3.514 ns                ;
; N/A                                     ; 268.67 MHz ( period = 3.722 ns )                    ; fdiv:inst2|cont[25] ; fdiv:inst2|cont[22] ; CLOCK_50   ; CLOCK_50 ; None                        ; None                      ; 3.510 ns                ;
; N/A                                     ; 268.89 MHz ( period = 3.719 ns )                    ; fdiv:inst2|cont[25] ; fdiv:inst2|cont[21] ; CLOCK_50   ; CLOCK_50 ; None                        ; None                      ; 3.507 ns                ;
; N/A                                     ; 268.96 MHz ( period = 3.718 ns )                    ; fdiv:inst2|cont[25] ; fdiv:inst2|cont[16] ; CLOCK_50   ; CLOCK_50 ; None                        ; None                      ; 3.506 ns                ;
; N/A                                     ; 269.25 MHz ( period = 3.714 ns )                    ; fdiv:inst2|cont[1]  ; fdiv:inst2|cont[31] ; CLOCK_50   ; CLOCK_50 ; None                        ; None                      ; 3.509 ns                ;
; N/A                                     ; 269.54 MHz ( period = 3.710 ns )                    ; fdiv:inst2|cont[29] ; fdiv:inst2|clkout   ; CLOCK_50   ; CLOCK_50 ; None                        ; None                      ; 3.756 ns                ;
; N/A                                     ; 269.61 MHz ( period = 3.709 ns )                    ; fdiv:inst2|cont[17] ; fdiv:inst2|clkout   ; CLOCK_50   ; CLOCK_50 ; None                        ; None                      ; 3.755 ns                ;
; N/A                                     ; 270.20 MHz ( period = 3.701 ns )                    ; fdiv:inst2|cont[5]  ; fdiv:inst2|cont[18] ; CLOCK_50   ; CLOCK_50 ; None                        ; None                      ; 3.498 ns                ;
; N/A                                     ; 270.20 MHz ( period = 3.701 ns )                    ; fdiv:inst2|cont[5]  ; fdiv:inst2|cont[19] ; CLOCK_50   ; CLOCK_50 ; None                        ; None                      ; 3.498 ns                ;
; N/A                                     ; 270.27 MHz ( period = 3.700 ns )                    ; fdiv:inst2|cont[0]  ; fdiv:inst2|cont[16] ; CLOCK_50   ; CLOCK_50 ; None                        ; None                      ; 3.496 ns                ;
; N/A                                     ; 270.78 MHz ( period = 3.693 ns )                    ; fdiv:inst2|cont[0]  ; fdiv:inst2|cont[27] ; CLOCK_50   ; CLOCK_50 ; None                        ; None                      ; 3.487 ns                ;
; N/A                                     ; 271.15 MHz ( period = 3.688 ns )                    ; fdiv:inst2|cont[0]  ; fdiv:inst2|cont[20] ; CLOCK_50   ; CLOCK_50 ; None                        ; None                      ; 3.484 ns                ;
; N/A                                     ; 271.59 MHz ( period = 3.682 ns )                    ; fdiv:inst2|cont[27] ; fdiv:inst2|cont[18] ; CLOCK_50   ; CLOCK_50 ; None                        ; None                      ; 3.470 ns                ;
; N/A                                     ; 271.59 MHz ( period = 3.682 ns )                    ; fdiv:inst2|cont[27] ; fdiv:inst2|cont[19] ; CLOCK_50   ; CLOCK_50 ; None                        ; None                      ; 3.470 ns                ;
; N/A                                     ; 271.81 MHz ( period = 3.679 ns )                    ; fdiv:inst2|cont[0]  ; fdiv:inst2|cont[18] ; CLOCK_50   ; CLOCK_50 ; None                        ; None                      ; 3.475 ns                ;
; N/A                                     ; 271.89 MHz ( period = 3.678 ns )                    ; fdiv:inst2|cont[7]  ; fdiv:inst2|cont[24] ; CLOCK_50   ; CLOCK_50 ; None                        ; None                      ; 3.465 ns                ;
; N/A                                     ; 272.93 MHz ( period = 3.664 ns )                    ; fdiv:inst2|cont[18] ; fdiv:inst2|clkout   ; CLOCK_50   ; CLOCK_50 ; None                        ; None                      ; 3.708 ns                ;
; N/A                                     ; 274.05 MHz ( period = 3.649 ns )                    ; fdiv:inst2|cont[2]  ; fdiv:inst2|cont[31] ; CLOCK_50   ; CLOCK_50 ; None                        ; None                      ; 3.444 ns                ;
; N/A                                     ; 274.50 MHz ( period = 3.643 ns )                    ; fdiv:inst2|cont[1]  ; fdiv:inst2|cont[30] ; CLOCK_50   ; CLOCK_50 ; None                        ; None                      ; 3.438 ns                ;
; N/A                                     ; 274.57 MHz ( period = 3.642 ns )                    ; fdiv:inst2|cont[26] ; fdiv:inst2|cont[20] ; CLOCK_50   ; CLOCK_50 ; None                        ; None                      ; 3.430 ns                ;
; N/A                                     ; 274.88 MHz ( period = 3.638 ns )                    ; fdiv:inst2|cont[26] ; fdiv:inst2|cont[22] ; CLOCK_50   ; CLOCK_50 ; None                        ; None                      ; 3.426 ns                ;
; N/A                                     ; 275.03 MHz ( period = 3.636 ns )                    ; fdiv:inst2|cont[19] ; fdiv:inst2|clkout   ; CLOCK_50   ; CLOCK_50 ; None                        ; None                      ; 3.680 ns                ;
; N/A                                     ; 275.10 MHz ( period = 3.635 ns )                    ; fdiv:inst2|cont[21] ; fdiv:inst2|cont[18] ; CLOCK_50   ; CLOCK_50 ; None                        ; None                      ; 3.421 ns                ;
; N/A                                     ; 275.10 MHz ( period = 3.635 ns )                    ; fdiv:inst2|cont[21] ; fdiv:inst2|cont[19] ; CLOCK_50   ; CLOCK_50 ; None                        ; None                      ; 3.421 ns                ;
; N/A                                     ; 275.10 MHz ( period = 3.635 ns )                    ; fdiv:inst2|cont[26] ; fdiv:inst2|cont[21] ; CLOCK_50   ; CLOCK_50 ; None                        ; None                      ; 3.423 ns                ;
; N/A                                     ; 275.18 MHz ( period = 3.634 ns )                    ; fdiv:inst2|cont[26] ; fdiv:inst2|cont[16] ; CLOCK_50   ; CLOCK_50 ; None                        ; None                      ; 3.422 ns                ;
; N/A                                     ; 276.09 MHz ( period = 3.622 ns )                    ; fdiv:inst2|cont[0]  ; fdiv:inst2|cont[26] ; CLOCK_50   ; CLOCK_50 ; None                        ; None                      ; 3.416 ns                ;
; N/A                                     ; 276.17 MHz ( period = 3.621 ns )                    ; fdiv:inst2|cont[30] ; fdiv:inst2|clkout   ; CLOCK_50   ; CLOCK_50 ; None                        ; None                      ; 3.667 ns                ;
; N/A                                     ; 276.40 MHz ( period = 3.618 ns )                    ; fdiv:inst2|cont[31] ; fdiv:inst2|clkout   ; CLOCK_50   ; CLOCK_50 ; None                        ; None                      ; 3.664 ns                ;
; N/A                                     ; 276.93 MHz ( period = 3.611 ns )                    ; fdiv:inst2|cont[28] ; fdiv:inst2|clkout   ; CLOCK_50   ; CLOCK_50 ; None                        ; None                      ; 3.657 ns                ;
; N/A                                     ; 277.01 MHz ( period = 3.610 ns )                    ; fdiv:inst2|cont[3]  ; fdiv:inst2|cont[31] ; CLOCK_50   ; CLOCK_50 ; None                        ; None                      ; 3.405 ns                ;
; N/A                                     ; 277.47 MHz ( period = 3.604 ns )                    ; fdiv:inst2|cont[5]  ; fdiv:inst2|cont[20] ; CLOCK_50   ; CLOCK_50 ; None                        ; None                      ; 3.401 ns                ;
; N/A                                     ; 277.62 MHz ( period = 3.602 ns )                    ; fdiv:inst2|cont[25] ; fdiv:inst2|clkout   ; CLOCK_50   ; CLOCK_50 ; None                        ; None                      ; 3.648 ns                ;
; N/A                                     ; 277.78 MHz ( period = 3.600 ns )                    ; fdiv:inst2|cont[5]  ; fdiv:inst2|cont[22] ; CLOCK_50   ; CLOCK_50 ; None                        ; None                      ; 3.397 ns                ;
; N/A                                     ; 278.01 MHz ( period = 3.597 ns )                    ; fdiv:inst2|cont[5]  ; fdiv:inst2|cont[21] ; CLOCK_50   ; CLOCK_50 ; None                        ; None                      ; 3.394 ns                ;
; N/A                                     ; 278.09 MHz ( period = 3.596 ns )                    ; fdiv:inst2|cont[5]  ; fdiv:inst2|cont[16] ; CLOCK_50   ; CLOCK_50 ; None                        ; None                      ; 3.393 ns                ;
; N/A                                     ; 278.86 MHz ( period = 3.586 ns )                    ; fdiv:inst2|cont[23] ; fdiv:inst2|cont[18] ; CLOCK_50   ; CLOCK_50 ; None                        ; None                      ; 3.374 ns                ;
; N/A                                     ; 278.86 MHz ( period = 3.586 ns )                    ; fdiv:inst2|cont[23] ; fdiv:inst2|cont[19] ; CLOCK_50   ; CLOCK_50 ; None                        ; None                      ; 3.374 ns                ;
; N/A                                     ; 278.94 MHz ( period = 3.585 ns )                    ; fdiv:inst2|cont[27] ; fdiv:inst2|cont[20] ; CLOCK_50   ; CLOCK_50 ; None                        ; None                      ; 3.373 ns                ;
; N/A                                     ; 279.25 MHz ( period = 3.581 ns )                    ; fdiv:inst2|cont[27] ; fdiv:inst2|cont[22] ; CLOCK_50   ; CLOCK_50 ; None                        ; None                      ; 3.369 ns                ;
; N/A                                     ; 279.49 MHz ( period = 3.578 ns )                    ; fdiv:inst2|cont[2]  ; fdiv:inst2|cont[30] ; CLOCK_50   ; CLOCK_50 ; None                        ; None                      ; 3.373 ns                ;
; N/A                                     ; 279.49 MHz ( period = 3.578 ns )                    ; fdiv:inst2|cont[27] ; fdiv:inst2|cont[21] ; CLOCK_50   ; CLOCK_50 ; None                        ; None                      ; 3.366 ns                ;
; N/A                                     ; 279.56 MHz ( period = 3.577 ns )                    ; fdiv:inst2|cont[27] ; fdiv:inst2|cont[16] ; CLOCK_50   ; CLOCK_50 ; None                        ; None                      ; 3.365 ns                ;
; N/A                                     ; 279.80 MHz ( period = 3.574 ns )                    ; fdiv:inst2|cont[22] ; fdiv:inst2|cont[18] ; CLOCK_50   ; CLOCK_50 ; None                        ; None                      ; 3.360 ns                ;
; N/A                                     ; 279.80 MHz ( period = 3.574 ns )                    ; fdiv:inst2|cont[22] ; fdiv:inst2|cont[19] ; CLOCK_50   ; CLOCK_50 ; None                        ; None                      ; 3.360 ns                ;
; N/A                                     ; 279.96 MHz ( period = 3.572 ns )                    ; fdiv:inst2|cont[1]  ; fdiv:inst2|cont[29] ; CLOCK_50   ; CLOCK_50 ; None                        ; None                      ; 3.367 ns                ;
; N/A                                     ; 281.06 MHz ( period = 3.558 ns )                    ; fdiv:inst2|cont[1]  ; fdiv:inst2|cont[22] ; CLOCK_50   ; CLOCK_50 ; None                        ; None                      ; 3.355 ns                ;
; N/A                                     ; 281.29 MHz ( period = 3.555 ns )                    ; fdiv:inst2|cont[0]  ; fdiv:inst2|cont[14] ; CLOCK_50   ; CLOCK_50 ; None                        ; None                      ; 3.341 ns                ;
; N/A                                     ; 281.61 MHz ( period = 3.551 ns )                    ; fdiv:inst2|cont[0]  ; fdiv:inst2|cont[25] ; CLOCK_50   ; CLOCK_50 ; None                        ; None                      ; 3.345 ns                ;
; N/A                                     ; 281.93 MHz ( period = 3.547 ns )                    ; fdiv:inst2|cont[11] ; fdiv:inst2|cont[18] ; CLOCK_50   ; CLOCK_50 ; None                        ; None                      ; 3.343 ns                ;
; N/A                                     ; 281.93 MHz ( period = 3.547 ns )                    ; fdiv:inst2|cont[11] ; fdiv:inst2|cont[19] ; CLOCK_50   ; CLOCK_50 ; None                        ; None                      ; 3.343 ns                ;
; N/A                                     ; 281.93 MHz ( period = 3.547 ns )                    ; fdiv:inst2|cont[8]  ; fdiv:inst2|cont[24] ; CLOCK_50   ; CLOCK_50 ; None                        ; None                      ; 3.334 ns                ;
; N/A                                     ; 282.57 MHz ( period = 3.539 ns )                    ; fdiv:inst2|cont[3]  ; fdiv:inst2|cont[30] ; CLOCK_50   ; CLOCK_50 ; None                        ; None                      ; 3.334 ns                ;
; N/A                                     ; 282.57 MHz ( period = 3.539 ns )                    ; fdiv:inst2|cont[6]  ; fdiv:inst2|cont[31] ; CLOCK_50   ; CLOCK_50 ; None                        ; None                      ; 3.333 ns                ;
; N/A                                     ; 282.65 MHz ( period = 3.538 ns )                    ; fdiv:inst2|cont[21] ; fdiv:inst2|cont[20] ; CLOCK_50   ; CLOCK_50 ; None                        ; None                      ; 3.324 ns                ;
; N/A                                     ; 282.97 MHz ( period = 3.534 ns )                    ; fdiv:inst2|cont[21] ; fdiv:inst2|cont[22] ; CLOCK_50   ; CLOCK_50 ; None                        ; None                      ; 3.320 ns                ;
; N/A                                     ; 283.21 MHz ( period = 3.531 ns )                    ; fdiv:inst2|cont[21] ; fdiv:inst2|cont[21] ; CLOCK_50   ; CLOCK_50 ; None                        ; None                      ; 3.317 ns                ;
; N/A                                     ; 283.29 MHz ( period = 3.530 ns )                    ; fdiv:inst2|cont[21] ; fdiv:inst2|cont[16] ; CLOCK_50   ; CLOCK_50 ; None                        ; None                      ; 3.316 ns                ;
; N/A                                     ; 284.25 MHz ( period = 3.518 ns )                    ; fdiv:inst2|cont[26] ; fdiv:inst2|clkout   ; CLOCK_50   ; CLOCK_50 ; None                        ; None                      ; 3.564 ns                ;
; N/A                                     ; 285.14 MHz ( period = 3.507 ns )                    ; fdiv:inst2|cont[4]  ; fdiv:inst2|cont[31] ; CLOCK_50   ; CLOCK_50 ; None                        ; None                      ; 3.302 ns                ;
; N/A                                     ; 285.14 MHz ( period = 3.507 ns )                    ; fdiv:inst2|cont[2]  ; fdiv:inst2|cont[29] ; CLOCK_50   ; CLOCK_50 ; None                        ; None                      ; 3.302 ns                ;
; N/A                                     ; 285.23 MHz ( period = 3.506 ns )                    ; fdiv:inst2|cont[1]  ; fdiv:inst2|cont[18] ; CLOCK_50   ; CLOCK_50 ; None                        ; None                      ; 3.303 ns                ;
; N/A                                     ; 285.23 MHz ( period = 3.506 ns )                    ; fdiv:inst2|cont[1]  ; fdiv:inst2|cont[19] ; CLOCK_50   ; CLOCK_50 ; None                        ; None                      ; 3.303 ns                ;
; N/A                                     ; 285.63 MHz ( period = 3.501 ns )                    ; fdiv:inst2|cont[1]  ; fdiv:inst2|cont[28] ; CLOCK_50   ; CLOCK_50 ; None                        ; None                      ; 3.296 ns                ;
; N/A                                     ; 286.20 MHz ( period = 3.494 ns )                    ; fdiv:inst2|cont[20] ; fdiv:inst2|cont[18] ; CLOCK_50   ; CLOCK_50 ; None                        ; None                      ; 3.280 ns                ;
; N/A                                     ; 286.20 MHz ( period = 3.494 ns )                    ; fdiv:inst2|cont[20] ; fdiv:inst2|cont[19] ; CLOCK_50   ; CLOCK_50 ; None                        ; None                      ; 3.280 ns                ;
; N/A                                     ; 286.29 MHz ( period = 3.493 ns )                    ; fdiv:inst2|cont[1]  ; fdiv:inst2|cont[21] ; CLOCK_50   ; CLOCK_50 ; None                        ; None                      ; 3.290 ns                ;
; N/A                                     ; 286.29 MHz ( period = 3.493 ns )                    ; fdiv:inst2|cont[2]  ; fdiv:inst2|cont[22] ; CLOCK_50   ; CLOCK_50 ; None                        ; None                      ; 3.290 ns                ;
; N/A                                     ; 286.62 MHz ( period = 3.489 ns )                    ; fdiv:inst2|cont[23] ; fdiv:inst2|cont[20] ; CLOCK_50   ; CLOCK_50 ; None                        ; None                      ; 3.277 ns                ;
; N/A                                     ; 286.94 MHz ( period = 3.485 ns )                    ; fdiv:inst2|cont[23] ; fdiv:inst2|cont[22] ; CLOCK_50   ; CLOCK_50 ; None                        ; None                      ; 3.273 ns                ;
; N/A                                     ; 287.11 MHz ( period = 3.483 ns )                    ; fdiv:inst2|cont[11] ; fdiv:inst2|cont[24] ; CLOCK_50   ; CLOCK_50 ; None                        ; None                      ; 3.269 ns                ;
; N/A                                     ; 287.19 MHz ( period = 3.482 ns )                    ; fdiv:inst2|cont[23] ; fdiv:inst2|cont[21] ; CLOCK_50   ; CLOCK_50 ; None                        ; None                      ; 3.270 ns                ;
; N/A                                     ; 287.27 MHz ( period = 3.481 ns )                    ; fdiv:inst2|cont[23] ; fdiv:inst2|cont[16] ; CLOCK_50   ; CLOCK_50 ; None                        ; None                      ; 3.269 ns                ;
; N/A                                     ; 287.36 MHz ( period = 3.480 ns )                    ; fdiv:inst2|cont[5]  ; fdiv:inst2|clkout   ; CLOCK_50   ; CLOCK_50 ; None                        ; None                      ; 3.535 ns                ;
; N/A                                     ; 287.60 MHz ( period = 3.477 ns )                    ; fdiv:inst2|cont[22] ; fdiv:inst2|cont[20] ; CLOCK_50   ; CLOCK_50 ; None                        ; None                      ; 3.263 ns                ;
; N/A                                     ; 287.94 MHz ( period = 3.473 ns )                    ; fdiv:inst2|cont[22] ; fdiv:inst2|cont[22] ; CLOCK_50   ; CLOCK_50 ; None                        ; None                      ; 3.259 ns                ;
; N/A                                     ; 288.18 MHz ( period = 3.470 ns )                    ; fdiv:inst2|cont[22] ; fdiv:inst2|cont[21] ; CLOCK_50   ; CLOCK_50 ; None                        ; None                      ; 3.256 ns                ;
; N/A                                     ; 288.27 MHz ( period = 3.469 ns )                    ; fdiv:inst2|cont[22] ; fdiv:inst2|cont[16] ; CLOCK_50   ; CLOCK_50 ; None                        ; None                      ; 3.255 ns                ;
; N/A                                     ; 288.35 MHz ( period = 3.468 ns )                    ; fdiv:inst2|cont[6]  ; fdiv:inst2|cont[30] ; CLOCK_50   ; CLOCK_50 ; None                        ; None                      ; 3.262 ns                ;
; N/A                                     ; 288.35 MHz ( period = 3.468 ns )                    ; fdiv:inst2|cont[5]  ; fdiv:inst2|cont[31] ; CLOCK_50   ; CLOCK_50 ; None                        ; None                      ; 3.263 ns                ;
; N/A                                     ; 288.35 MHz ( period = 3.468 ns )                    ; fdiv:inst2|cont[3]  ; fdiv:inst2|cont[29] ; CLOCK_50   ; CLOCK_50 ; None                        ; None                      ; 3.263 ns                ;
; N/A                                     ; 288.93 MHz ( period = 3.461 ns )                    ; fdiv:inst2|cont[27] ; fdiv:inst2|clkout   ; CLOCK_50   ; CLOCK_50 ; None                        ; None                      ; 3.507 ns                ;
; N/A                                     ; 289.10 MHz ( period = 3.459 ns )                    ; fdiv:inst2|cont[8]  ; fdiv:inst2|cont[18] ; CLOCK_50   ; CLOCK_50 ; None                        ; None                      ; 3.256 ns                ;
; N/A                                     ; 289.10 MHz ( period = 3.459 ns )                    ; fdiv:inst2|cont[8]  ; fdiv:inst2|cont[19] ; CLOCK_50   ; CLOCK_50 ; None                        ; None                      ; 3.256 ns                ;
; N/A                                     ; 289.52 MHz ( period = 3.454 ns )                    ; fdiv:inst2|cont[3]  ; fdiv:inst2|cont[22] ; CLOCK_50   ; CLOCK_50 ; None                        ; None                      ; 3.251 ns                ;
; N/A                                     ; 289.86 MHz ( period = 3.450 ns )                    ; fdiv:inst2|cont[11] ; fdiv:inst2|cont[20] ; CLOCK_50   ; CLOCK_50 ; None                        ; None                      ; 3.246 ns                ;
; N/A                                     ; 290.19 MHz ( period = 3.446 ns )                    ; fdiv:inst2|cont[11] ; fdiv:inst2|cont[22] ; CLOCK_50   ; CLOCK_50 ; None                        ; None                      ; 3.242 ns                ;
; N/A                                     ; 290.44 MHz ( period = 3.443 ns )                    ; fdiv:inst2|cont[11] ; fdiv:inst2|cont[21] ; CLOCK_50   ; CLOCK_50 ; None                        ; None                      ; 3.239 ns                ;
; N/A                                     ; 290.53 MHz ( period = 3.442 ns )                    ; fdiv:inst2|cont[11] ; fdiv:inst2|cont[16] ; CLOCK_50   ; CLOCK_50 ; None                        ; None                      ; 3.238 ns                ;
; N/A                                     ; 290.78 MHz ( period = 3.439 ns )                    ; fdiv:inst2|cont[9]  ; fdiv:inst2|cont[24] ; CLOCK_50   ; CLOCK_50 ; None                        ; None                      ; 3.226 ns                ;
; N/A                                     ; 290.95 MHz ( period = 3.437 ns )                    ; fdiv:inst2|cont[1]  ; fdiv:inst2|cont[16] ; CLOCK_50   ; CLOCK_50 ; None                        ; None                      ; 3.234 ns                ;
; N/A                                     ; 291.04 MHz ( period = 3.436 ns )                    ; fdiv:inst2|cont[4]  ; fdiv:inst2|cont[30] ; CLOCK_50   ; CLOCK_50 ; None                        ; None                      ; 3.231 ns                ;
; N/A                                     ; 291.04 MHz ( period = 3.436 ns )                    ; fdiv:inst2|cont[2]  ; fdiv:inst2|cont[28] ; CLOCK_50   ; CLOCK_50 ; None                        ; None                      ; 3.231 ns                ;
; N/A                                     ; 291.29 MHz ( period = 3.433 ns )                    ; fdiv:inst2|cont[4]  ; fdiv:inst2|cont[18] ; CLOCK_50   ; CLOCK_50 ; None                        ; None                      ; 3.230 ns                ;
; N/A                                     ; 291.29 MHz ( period = 3.433 ns )                    ; fdiv:inst2|cont[4]  ; fdiv:inst2|cont[19] ; CLOCK_50   ; CLOCK_50 ; None                        ; None                      ; 3.230 ns                ;
; N/A                                     ; 291.55 MHz ( period = 3.430 ns )                    ; fdiv:inst2|cont[1]  ; fdiv:inst2|cont[27] ; CLOCK_50   ; CLOCK_50 ; None                        ; None                      ; 3.225 ns                ;
; N/A                                     ; 291.63 MHz ( period = 3.429 ns )                    ; fdiv:inst2|cont[29] ; fdiv:inst2|cont[24] ; CLOCK_50   ; CLOCK_50 ; None                        ; None                      ; 3.207 ns                ;
; N/A                                     ; 291.72 MHz ( period = 3.428 ns )                    ; fdiv:inst2|cont[17] ; fdiv:inst2|cont[24] ; CLOCK_50   ; CLOCK_50 ; None                        ; None                      ; 3.206 ns                ;
; N/A                                     ; 291.72 MHz ( period = 3.428 ns )                    ; fdiv:inst2|cont[2]  ; fdiv:inst2|cont[21] ; CLOCK_50   ; CLOCK_50 ; None                        ; None                      ; 3.225 ns                ;
; N/A                                     ; 291.97 MHz ( period = 3.425 ns )                    ; fdiv:inst2|cont[1]  ; fdiv:inst2|cont[20] ; CLOCK_50   ; CLOCK_50 ; None                        ; None                      ; 3.222 ns                ;
; N/A                                     ; 292.23 MHz ( period = 3.422 ns )                    ; fdiv:inst2|cont[10] ; fdiv:inst2|cont[18] ; CLOCK_50   ; CLOCK_50 ; None                        ; None                      ; 3.219 ns                ;
; N/A                                     ; 292.23 MHz ( period = 3.422 ns )                    ; fdiv:inst2|cont[10] ; fdiv:inst2|cont[19] ; CLOCK_50   ; CLOCK_50 ; None                        ; None                      ; 3.219 ns                ;
; N/A                                     ; 292.91 MHz ( period = 3.414 ns )                    ; fdiv:inst2|cont[21] ; fdiv:inst2|clkout   ; CLOCK_50   ; CLOCK_50 ; None                        ; None                      ; 3.458 ns                ;
; N/A                                     ; 293.00 MHz ( period = 3.413 ns )                    ; fdiv:inst2|cont[2]  ; fdiv:inst2|cont[19] ; CLOCK_50   ; CLOCK_50 ; None                        ; None                      ; 3.210 ns                ;
; N/A                                     ; 293.26 MHz ( period = 3.410 ns )                    ; fdiv:inst2|cont[12] ; fdiv:inst2|cont[24] ; CLOCK_50   ; CLOCK_50 ; None                        ; None                      ; 3.196 ns                ;
; N/A                                     ; 293.69 MHz ( period = 3.405 ns )                    ; fdiv:inst2|cont[10] ; fdiv:inst2|cont[24] ; CLOCK_50   ; CLOCK_50 ; None                        ; None                      ; 3.192 ns                ;
; N/A                                     ; 293.94 MHz ( period = 3.402 ns )                    ; fdiv:inst2|cont[0]  ; fdiv:inst2|cont[13] ; CLOCK_50   ; CLOCK_50 ; None                        ; None                      ; 3.188 ns                ;
; N/A                                     ; 294.38 MHz ( period = 3.397 ns )                    ; fdiv:inst2|cont[5]  ; fdiv:inst2|cont[30] ; CLOCK_50   ; CLOCK_50 ; None                        ; None                      ; 3.192 ns                ;
; N/A                                     ; 294.38 MHz ( period = 3.397 ns )                    ; fdiv:inst2|cont[6]  ; fdiv:inst2|cont[29] ; CLOCK_50   ; CLOCK_50 ; None                        ; None                      ; 3.191 ns                ;
; N/A                                     ; 294.38 MHz ( period = 3.397 ns )                    ; fdiv:inst2|cont[3]  ; fdiv:inst2|cont[28] ; CLOCK_50   ; CLOCK_50 ; None                        ; None                      ; 3.192 ns                ;
; N/A                                     ; 294.38 MHz ( period = 3.397 ns )                    ; fdiv:inst2|cont[20] ; fdiv:inst2|cont[20] ; CLOCK_50   ; CLOCK_50 ; None                        ; None                      ; 3.183 ns                ;
; N/A                                     ; 294.72 MHz ( period = 3.393 ns )                    ; fdiv:inst2|cont[20] ; fdiv:inst2|cont[22] ; CLOCK_50   ; CLOCK_50 ; None                        ; None                      ; 3.179 ns                ;
; N/A                                     ; 294.99 MHz ( period = 3.390 ns )                    ; fdiv:inst2|cont[20] ; fdiv:inst2|cont[21] ; CLOCK_50   ; CLOCK_50 ; None                        ; None                      ; 3.176 ns                ;
; N/A                                     ; 295.07 MHz ( period = 3.389 ns )                    ; fdiv:inst2|cont[20] ; fdiv:inst2|cont[16] ; CLOCK_50   ; CLOCK_50 ; None                        ; None                      ; 3.175 ns                ;
; N/A                                     ; 295.07 MHz ( period = 3.389 ns )                    ; fdiv:inst2|cont[3]  ; fdiv:inst2|cont[21] ; CLOCK_50   ; CLOCK_50 ; None                        ; None                      ; 3.186 ns                ;
; N/A                                     ; 295.60 MHz ( period = 3.383 ns )                    ; fdiv:inst2|cont[18] ; fdiv:inst2|cont[24] ; CLOCK_50   ; CLOCK_50 ; None                        ; None                      ; 3.159 ns                ;
; N/A                                     ; 295.60 MHz ( period = 3.383 ns )                    ; fdiv:inst2|cont[6]  ; fdiv:inst2|cont[22] ; CLOCK_50   ; CLOCK_50 ; None                        ; None                      ; 3.179 ns                ;
; N/A                                     ; 296.30 MHz ( period = 3.375 ns )                    ; fdiv:inst2|cont[3]  ; fdiv:inst2|cont[18] ; CLOCK_50   ; CLOCK_50 ; None                        ; None                      ; 3.172 ns                ;
; N/A                                     ; 296.30 MHz ( period = 3.375 ns )                    ; fdiv:inst2|cont[3]  ; fdiv:inst2|cont[19] ; CLOCK_50   ; CLOCK_50 ; None                        ; None                      ; 3.172 ns                ;
; N/A                                     ; 296.56 MHz ( period = 3.372 ns )                    ; fdiv:inst2|cont[2]  ; fdiv:inst2|cont[16] ; CLOCK_50   ; CLOCK_50 ; None                        ; None                      ; 3.169 ns                ;
; N/A                                     ; 296.65 MHz ( period = 3.371 ns )                    ; fdiv:inst2|cont[2]  ; fdiv:inst2|cont[18] ; CLOCK_50   ; CLOCK_50 ; None                        ; None                      ; 3.168 ns                ;
; N/A                                     ; 297.18 MHz ( period = 3.365 ns )                    ; fdiv:inst2|cont[4]  ; fdiv:inst2|cont[29] ; CLOCK_50   ; CLOCK_50 ; None                        ; None                      ; 3.160 ns                ;
; N/A                                     ; 297.18 MHz ( period = 3.365 ns )                    ; fdiv:inst2|cont[2]  ; fdiv:inst2|cont[27] ; CLOCK_50   ; CLOCK_50 ; None                        ; None                      ; 3.160 ns                ;
; N/A                                     ; 297.18 MHz ( period = 3.365 ns )                    ; fdiv:inst2|cont[23] ; fdiv:inst2|clkout   ; CLOCK_50   ; CLOCK_50 ; None                        ; None                      ; 3.411 ns                ;
; N/A                                     ; 297.44 MHz ( period = 3.362 ns )                    ; fdiv:inst2|cont[8]  ; fdiv:inst2|cont[20] ; CLOCK_50   ; CLOCK_50 ; None                        ; None                      ; 3.159 ns                ;
; N/A                                     ; 297.62 MHz ( period = 3.360 ns )                    ; fdiv:inst2|cont[2]  ; fdiv:inst2|cont[20] ; CLOCK_50   ; CLOCK_50 ; None                        ; None                      ; 3.157 ns                ;
; N/A                                     ; 297.71 MHz ( period = 3.359 ns )                    ; fdiv:inst2|cont[1]  ; fdiv:inst2|cont[26] ; CLOCK_50   ; CLOCK_50 ; None                        ; None                      ; 3.154 ns                ;
; N/A                                     ; 297.80 MHz ( period = 3.358 ns )                    ; fdiv:inst2|cont[8]  ; fdiv:inst2|cont[22] ; CLOCK_50   ; CLOCK_50 ; None                        ; None                      ; 3.155 ns                ;
; N/A                                     ; 298.06 MHz ( period = 3.355 ns )                    ; fdiv:inst2|cont[19] ; fdiv:inst2|cont[24] ; CLOCK_50   ; CLOCK_50 ; None                        ; None                      ; 3.131 ns                ;
; N/A                                     ; 298.06 MHz ( period = 3.355 ns )                    ; fdiv:inst2|cont[8]  ; fdiv:inst2|cont[21] ; CLOCK_50   ; CLOCK_50 ; None                        ; None                      ; 3.152 ns                ;
; N/A                                     ; 298.15 MHz ( period = 3.354 ns )                    ; fdiv:inst2|cont[8]  ; fdiv:inst2|cont[16] ; CLOCK_50   ; CLOCK_50 ; None                        ; None                      ; 3.151 ns                ;
; N/A                                     ; 298.24 MHz ( period = 3.353 ns )                    ; fdiv:inst2|cont[22] ; fdiv:inst2|clkout   ; CLOCK_50   ; CLOCK_50 ; None                        ; None                      ; 3.397 ns                ;
; N/A                                     ; 298.42 MHz ( period = 3.351 ns )                    ; fdiv:inst2|cont[4]  ; fdiv:inst2|cont[22] ; CLOCK_50   ; CLOCK_50 ; None                        ; None                      ; 3.148 ns                ;
; N/A                                     ; 299.40 MHz ( period = 3.340 ns )                    ; fdiv:inst2|cont[30] ; fdiv:inst2|cont[24] ; CLOCK_50   ; CLOCK_50 ; None                        ; None                      ; 3.118 ns                ;
; N/A                                     ; 299.67 MHz ( period = 3.337 ns )                    ; fdiv:inst2|cont[31] ; fdiv:inst2|cont[24] ; CLOCK_50   ; CLOCK_50 ; None                        ; None                      ; 3.115 ns                ;
; N/A                                     ; 299.76 MHz ( period = 3.336 ns )                    ; fdiv:inst2|cont[4]  ; fdiv:inst2|cont[20] ; CLOCK_50   ; CLOCK_50 ; None                        ; None                      ; 3.133 ns                ;
; N/A                                     ; 300.03 MHz ( period = 3.333 ns )                    ; fdiv:inst2|cont[3]  ; fdiv:inst2|cont[16] ; CLOCK_50   ; CLOCK_50 ; None                        ; None                      ; 3.130 ns                ;
; N/A                                     ; 300.30 MHz ( period = 3.330 ns )                    ; fdiv:inst2|cont[0]  ; fdiv:inst2|cont[11] ; CLOCK_50   ; CLOCK_50 ; None                        ; None                      ; 3.116 ns                ;
; N/A                                     ; 300.30 MHz ( period = 3.330 ns )                    ; fdiv:inst2|cont[28] ; fdiv:inst2|cont[24] ; CLOCK_50   ; CLOCK_50 ; None                        ; None                      ; 3.108 ns                ;
; N/A                                     ; 300.39 MHz ( period = 3.329 ns )                    ; fdiv:inst2|cont[0]  ; fdiv:inst2|cont[12] ; CLOCK_50   ; CLOCK_50 ; None                        ; None                      ; 3.115 ns                ;
; Timing analysis restricted to 200 rows. ; To change the limit use Settings (Assignments menu) ;                     ;                     ;            ;          ;                             ;                           ;                         ;
+-----------------------------------------+-----------------------------------------------------+---------------------+---------------------+------------+----------+-----------------------------+---------------------------+-------------------------+


+----------------------------------------------------------------------+
; tsu                                                                  ;
+-------+--------------+------------+-------+---------------+----------+
; Slack ; Required tsu ; Actual tsu ; From  ; To            ; To Clock ;
+-------+--------------+------------+-------+---------------+----------+
; N/A   ; None         ; -3.562 ns  ; SW[3] ; 74195:inst|18 ; CLOCK_50 ;
; N/A   ; None         ; -3.642 ns  ; SW[2] ; 74195:inst|17 ; CLOCK_50 ;
; N/A   ; None         ; -3.671 ns  ; SW[1] ; 74195:inst|16 ; CLOCK_50 ;
; N/A   ; None         ; -3.681 ns  ; SW[0] ; 74195:inst|15 ; CLOCK_50 ;
+-------+--------------+------------+-------+---------------+----------+


+---------------------------------------------------------------------------------------+
; tco                                                                                   ;
+-------+--------------+------------+----------------------------+---------+------------+
; Slack ; Required tco ; Actual tco ; From                       ; To      ; From Clock ;
+-------+--------------+------------+----------------------------+---------+------------+
; N/A   ; None         ; 10.621 ns  ; 74161:inst9|f74161:sub|87  ; LEDG[1] ; CLOCK_50   ;
; N/A   ; None         ; 10.616 ns  ; 74161:inst9|f74161:sub|9   ; LEDG[0] ; CLOCK_50   ;
; N/A   ; None         ; 10.601 ns  ; 74161:inst9|f74161:sub|110 ; LEDG[3] ; CLOCK_50   ;
; N/A   ; None         ; 10.598 ns  ; 74161:inst9|f74161:sub|99  ; LEDG[2] ; CLOCK_50   ;
+-------+--------------+------------+----------------------------+---------+------------+


+----------------------------------------------------------------------------+
; th                                                                         ;
+---------------+-------------+-----------+-------+---------------+----------+
; Minimum Slack ; Required th ; Actual th ; From  ; To            ; To Clock ;
+---------------+-------------+-----------+-------+---------------+----------+
; N/A           ; None        ; 3.911 ns  ; SW[0] ; 74195:inst|15 ; CLOCK_50 ;
; N/A           ; None        ; 3.901 ns  ; SW[1] ; 74195:inst|16 ; CLOCK_50 ;
; N/A           ; None        ; 3.872 ns  ; SW[2] ; 74195:inst|17 ; CLOCK_50 ;
; N/A           ; None        ; 3.792 ns  ; SW[3] ; 74195:inst|18 ; CLOCK_50 ;
+---------------+-------------+-----------+-------+---------------+----------+


+--------------------------+
; Timing Analyzer Messages ;
+--------------------------+
Info: *******************************************************************
Info: Running Quartus II Classic Timing Analyzer
    Info: Version 9.1 Build 222 10/21/2009 SJ Web Edition
    Info: Processing started: Fri Nov 29 12:04:26 2013
Info: Command: quartus_tan --read_settings_files=off --write_settings_files=off lab12 -c lab12 --timing_analysis_only
Warning: Found pins functioning as undefined clocks and/or memory enables
    Info: Assuming node "CLOCK_50" is an undefined clock
Warning: Found 1 node(s) in clock paths which may be acting as ripple and/or gated clocks -- node(s) analyzed as buffer(s) resulting in clock skew
    Info: Detected ripple clock "fdiv:inst2|clkout" as buffer
Info: Clock "CLOCK_50" has Internal fmax of 229.52 MHz between source register "fdiv:inst2|cont[0]" and destination register "fdiv:inst2|cont[24]" (period= 4.357 ns)
    Info: + Longest register to register delay is 4.143 ns
        Info: 1: + IC(0.000 ns) + CELL(0.000 ns) = 0.000 ns; Loc. = LCFF_X19_Y27_N21; Fanout = 3; REG Node = 'fdiv:inst2|cont[0]'
        Info: 2: + IC(0.503 ns) + CELL(0.393 ns) = 0.896 ns; Loc. = LCCOMB_X18_Y27_N0; Fanout = 2; COMB Node = 'fdiv:inst2|Add0~1'
        Info: 3: + IC(0.000 ns) + CELL(0.071 ns) = 0.967 ns; Loc. = LCCOMB_X18_Y27_N2; Fanout = 2; COMB Node = 'fdiv:inst2|Add0~3'
        Info: 4: + IC(0.000 ns) + CELL(0.071 ns) = 1.038 ns; Loc. = LCCOMB_X18_Y27_N4; Fanout = 2; COMB Node = 'fdiv:inst2|Add0~5'
        Info: 5: + IC(0.000 ns) + CELL(0.071 ns) = 1.109 ns; Loc. = LCCOMB_X18_Y27_N6; Fanout = 2; COMB Node = 'fdiv:inst2|Add0~7'
        Info: 6: + IC(0.000 ns) + CELL(0.071 ns) = 1.180 ns; Loc. = LCCOMB_X18_Y27_N8; Fanout = 2; COMB Node = 'fdiv:inst2|Add0~9'
        Info: 7: + IC(0.000 ns) + CELL(0.071 ns) = 1.251 ns; Loc. = LCCOMB_X18_Y27_N10; Fanout = 2; COMB Node = 'fdiv:inst2|Add0~11'
        Info: 8: + IC(0.000 ns) + CELL(0.071 ns) = 1.322 ns; Loc. = LCCOMB_X18_Y27_N12; Fanout = 2; COMB Node = 'fdiv:inst2|Add0~13'
        Info: 9: + IC(0.000 ns) + CELL(0.159 ns) = 1.481 ns; Loc. = LCCOMB_X18_Y27_N14; Fanout = 2; COMB Node = 'fdiv:inst2|Add0~15'
        Info: 10: + IC(0.000 ns) + CELL(0.071 ns) = 1.552 ns; Loc. = LCCOMB_X18_Y27_N16; Fanout = 2; COMB Node = 'fdiv:inst2|Add0~17'
        Info: 11: + IC(0.000 ns) + CELL(0.071 ns) = 1.623 ns; Loc. = LCCOMB_X18_Y27_N18; Fanout = 2; COMB Node = 'fdiv:inst2|Add0~19'
        Info: 12: + IC(0.000 ns) + CELL(0.071 ns) = 1.694 ns; Loc. = LCCOMB_X18_Y27_N20; Fanout = 2; COMB Node = 'fdiv:inst2|Add0~21'
        Info: 13: + IC(0.000 ns) + CELL(0.071 ns) = 1.765 ns; Loc. = LCCOMB_X18_Y27_N22; Fanout = 2; COMB Node = 'fdiv:inst2|Add0~23'
        Info: 14: + IC(0.000 ns) + CELL(0.071 ns) = 1.836 ns; Loc. = LCCOMB_X18_Y27_N24; Fanout = 2; COMB Node = 'fdiv:inst2|Add0~25'
        Info: 15: + IC(0.000 ns) + CELL(0.071 ns) = 1.907 ns; Loc. = LCCOMB_X18_Y27_N26; Fanout = 2; COMB Node = 'fdiv:inst2|Add0~27'
        Info: 16: + IC(0.000 ns) + CELL(0.071 ns) = 1.978 ns; Loc. = LCCOMB_X18_Y27_N28; Fanout = 2; COMB Node = 'fdiv:inst2|Add0~29'
        Info: 17: + IC(0.000 ns) + CELL(0.146 ns) = 2.124 ns; Loc. = LCCOMB_X18_Y27_N30; Fanout = 2; COMB Node = 'fdiv:inst2|Add0~31'
        Info: 18: + IC(0.000 ns) + CELL(0.071 ns) = 2.195 ns; Loc. = LCCOMB_X18_Y26_N0; Fanout = 2; COMB Node = 'fdiv:inst2|Add0~33'
        Info: 19: + IC(0.000 ns) + CELL(0.071 ns) = 2.266 ns; Loc. = LCCOMB_X18_Y26_N2; Fanout = 2; COMB Node = 'fdiv:inst2|Add0~35'
        Info: 20: + IC(0.000 ns) + CELL(0.071 ns) = 2.337 ns; Loc. = LCCOMB_X18_Y26_N4; Fanout = 2; COMB Node = 'fdiv:inst2|Add0~37'
        Info: 21: + IC(0.000 ns) + CELL(0.071 ns) = 2.408 ns; Loc. = LCCOMB_X18_Y26_N6; Fanout = 2; COMB Node = 'fdiv:inst2|Add0~39'
        Info: 22: + IC(0.000 ns) + CELL(0.071 ns) = 2.479 ns; Loc. = LCCOMB_X18_Y26_N8; Fanout = 2; COMB Node = 'fdiv:inst2|Add0~41'
        Info: 23: + IC(0.000 ns) + CELL(0.071 ns) = 2.550 ns; Loc. = LCCOMB_X18_Y26_N10; Fanout = 2; COMB Node = 'fdiv:inst2|Add0~43'
        Info: 24: + IC(0.000 ns) + CELL(0.071 ns) = 2.621 ns; Loc. = LCCOMB_X18_Y26_N12; Fanout = 2; COMB Node = 'fdiv:inst2|Add0~45'
        Info: 25: + IC(0.000 ns) + CELL(0.159 ns) = 2.780 ns; Loc. = LCCOMB_X18_Y26_N14; Fanout = 2; COMB Node = 'fdiv:inst2|Add0~47'
        Info: 26: + IC(0.000 ns) + CELL(0.410 ns) = 3.190 ns; Loc. = LCCOMB_X18_Y26_N16; Fanout = 1; COMB Node = 'fdiv:inst2|Add0~48'
        Info: 27: + IC(0.719 ns) + CELL(0.150 ns) = 4.059 ns; Loc. = LCCOMB_X19_Y27_N22; Fanout = 1; COMB Node = 'fdiv:inst2|cont~12'
        Info: 28: + IC(0.000 ns) + CELL(0.084 ns) = 4.143 ns; Loc. = LCFF_X19_Y27_N23; Fanout = 3; REG Node = 'fdiv:inst2|cont[24]'
        Info: Total cell delay = 2.921 ns ( 70.50 % )
        Info: Total interconnect delay = 1.222 ns ( 29.50 % )
    Info: - Smallest clock skew is 0.000 ns
        Info: + Shortest clock path from clock "CLOCK_50" to destination register is 2.645 ns
            Info: 1: + IC(0.000 ns) + CELL(0.999 ns) = 0.999 ns; Loc. = PIN_N2; Fanout = 2; CLK Node = 'CLOCK_50'
            Info: 2: + IC(0.118 ns) + CELL(0.000 ns) = 1.117 ns; Loc. = CLKCTRL_G2; Fanout = 32; COMB Node = 'CLOCK_50~clkctrl'
            Info: 3: + IC(0.991 ns) + CELL(0.537 ns) = 2.645 ns; Loc. = LCFF_X19_Y27_N23; Fanout = 3; REG Node = 'fdiv:inst2|cont[24]'
            Info: Total cell delay = 1.536 ns ( 58.07 % )
            Info: Total interconnect delay = 1.109 ns ( 41.93 % )
        Info: - Longest clock path from clock "CLOCK_50" to source register is 2.645 ns
            Info: 1: + IC(0.000 ns) + CELL(0.999 ns) = 0.999 ns; Loc. = PIN_N2; Fanout = 2; CLK Node = 'CLOCK_50'
            Info: 2: + IC(0.118 ns) + CELL(0.000 ns) = 1.117 ns; Loc. = CLKCTRL_G2; Fanout = 32; COMB Node = 'CLOCK_50~clkctrl'
            Info: 3: + IC(0.991 ns) + CELL(0.537 ns) = 2.645 ns; Loc. = LCFF_X19_Y27_N21; Fanout = 3; REG Node = 'fdiv:inst2|cont[0]'
            Info: Total cell delay = 1.536 ns ( 58.07 % )
            Info: Total interconnect delay = 1.109 ns ( 41.93 % )
    Info: + Micro clock to output delay of source is 0.250 ns
    Info: + Micro setup delay of destination is -0.036 ns
Info: tsu for register "74195:inst|18" (data pin = "SW[3]", clock pin = "CLOCK_50") is -3.562 ns
    Info: + Longest pin to register delay is 3.077 ns
        Info: 1: + IC(0.000 ns) + CELL(0.999 ns) = 0.999 ns; Loc. = PIN_AE14; Fanout = 1; PIN Node = 'SW[3]'
        Info: 2: + IC(1.712 ns) + CELL(0.366 ns) = 3.077 ns; Loc. = LCFF_X64_Y4_N3; Fanout = 1; REG Node = '74195:inst|18'
        Info: Total cell delay = 1.365 ns ( 44.36 % )
        Info: Total interconnect delay = 1.712 ns ( 55.64 % )
    Info: + Micro setup delay of destination is -0.036 ns
    Info: - Shortest clock path from clock "CLOCK_50" to destination register is 6.603 ns
        Info: 1: + IC(0.000 ns) + CELL(0.999 ns) = 0.999 ns; Loc. = PIN_N2; Fanout = 2; CLK Node = 'CLOCK_50'
        Info: 2: + IC(1.377 ns) + CELL(0.787 ns) = 3.163 ns; Loc. = LCFF_X19_Y26_N9; Fanout = 2; REG Node = 'fdiv:inst2|clkout'
        Info: 3: + IC(1.863 ns) + CELL(0.000 ns) = 5.026 ns; Loc. = CLKCTRL_G3; Fanout = 8; COMB Node = 'fdiv:inst2|clkout~clkctrl'
        Info: 4: + IC(1.040 ns) + CELL(0.537 ns) = 6.603 ns; Loc. = LCFF_X64_Y4_N3; Fanout = 1; REG Node = '74195:inst|18'
        Info: Total cell delay = 2.323 ns ( 35.18 % )
        Info: Total interconnect delay = 4.280 ns ( 64.82 % )
Info: tco from clock "CLOCK_50" to destination pin "LEDG[1]" through register "74161:inst9|f74161:sub|87" is 10.621 ns
    Info: + Longest clock path from clock "CLOCK_50" to source register is 6.603 ns
        Info: 1: + IC(0.000 ns) + CELL(0.999 ns) = 0.999 ns; Loc. = PIN_N2; Fanout = 2; CLK Node = 'CLOCK_50'
        Info: 2: + IC(1.377 ns) + CELL(0.787 ns) = 3.163 ns; Loc. = LCFF_X19_Y26_N9; Fanout = 2; REG Node = 'fdiv:inst2|clkout'
        Info: 3: + IC(1.863 ns) + CELL(0.000 ns) = 5.026 ns; Loc. = CLKCTRL_G3; Fanout = 8; COMB Node = 'fdiv:inst2|clkout~clkctrl'
        Info: 4: + IC(1.040 ns) + CELL(0.537 ns) = 6.603 ns; Loc. = LCFF_X64_Y4_N29; Fanout = 4; REG Node = '74161:inst9|f74161:sub|87'
        Info: Total cell delay = 2.323 ns ( 35.18 % )
        Info: Total interconnect delay = 4.280 ns ( 64.82 % )
    Info: + Micro clock to output delay of source is 0.250 ns
    Info: + Longest register to pin delay is 3.768 ns
        Info: 1: + IC(0.000 ns) + CELL(0.000 ns) = 0.000 ns; Loc. = LCFF_X64_Y4_N29; Fanout = 4; REG Node = '74161:inst9|f74161:sub|87'
        Info: 2: + IC(0.960 ns) + CELL(2.808 ns) = 3.768 ns; Loc. = PIN_AF22; Fanout = 0; PIN Node = 'LEDG[1]'
        Info: Total cell delay = 2.808 ns ( 74.52 % )
        Info: Total interconnect delay = 0.960 ns ( 25.48 % )
Info: th for register "74195:inst|15" (data pin = "SW[0]", clock pin = "CLOCK_50") is 3.911 ns
    Info: + Longest clock path from clock "CLOCK_50" to destination register is 6.603 ns
        Info: 1: + IC(0.000 ns) + CELL(0.999 ns) = 0.999 ns; Loc. = PIN_N2; Fanout = 2; CLK Node = 'CLOCK_50'
        Info: 2: + IC(1.377 ns) + CELL(0.787 ns) = 3.163 ns; Loc. = LCFF_X19_Y26_N9; Fanout = 2; REG Node = 'fdiv:inst2|clkout'
        Info: 3: + IC(1.863 ns) + CELL(0.000 ns) = 5.026 ns; Loc. = CLKCTRL_G3; Fanout = 8; COMB Node = 'fdiv:inst2|clkout~clkctrl'
        Info: 4: + IC(1.040 ns) + CELL(0.537 ns) = 6.603 ns; Loc. = LCFF_X64_Y4_N25; Fanout = 1; REG Node = '74195:inst|15'
        Info: Total cell delay = 2.323 ns ( 35.18 % )
        Info: Total interconnect delay = 4.280 ns ( 64.82 % )
    Info: + Micro hold delay of destination is 0.266 ns
    Info: - Shortest pin to register delay is 2.958 ns
        Info: 1: + IC(0.000 ns) + CELL(0.999 ns) = 0.999 ns; Loc. = PIN_N25; Fanout = 1; PIN Node = 'SW[0]'
        Info: 2: + IC(1.593 ns) + CELL(0.366 ns) = 2.958 ns; Loc. = LCFF_X64_Y4_N25; Fanout = 1; REG Node = '74195:inst|15'
        Info: Total cell delay = 1.365 ns ( 46.15 % )
        Info: Total interconnect delay = 1.593 ns ( 53.85 % )
Info: Quartus II Classic Timing Analyzer was successful. 0 errors, 2 warnings
    Info: Peak virtual memory: 130 megabytes
    Info: Processing ended: Fri Nov 29 12:04:27 2013
    Info: Elapsed time: 00:00:01
    Info: Total CPU time (on all processors): 00:00:00


