Classic Timing Analyzer report for lab11
Fri Nov 22 10:28:46 2013
Quartus II Version 9.1 Build 222 10/21/2009 SJ Web Edition


---------------------
; Table of Contents ;
---------------------
  1. Legal Notice
  2. Timing Analyzer Summary
  3. Timing Analyzer Settings
  4. Clock Settings Summary
  5. Parallel Compilation
  6. Clock Setup: 'CLK'
  7. tco
  8. Timing Analyzer Messages



----------------
; Legal Notice ;
----------------
Copyright (C) 1991-2009 Altera Corporation
Your use of Altera Corporation's design tools, logic functions 
and other software and tools, and its AMPP partner logic 
functions, and any output files from any of the foregoing 
(including device programming or simulation files), and any 
associated documentation or information are expressly subject 
to the terms and conditions of the Altera Program License 
Subscription Agreement, Altera MegaCore Function License 
Agreement, or other applicable license agreement, including, 
without limitation, that your use is for the sole purpose of 
programming logic devices manufactured by Altera and sold by 
Altera or its authorized distributors.  Please refer to the 
applicable agreement for further details.



+---------------------------------------------------------------------------------------------------------------------------------------------------------------+
; Timing Analyzer Summary                                                                                                                                       ;
+------------------------------+-------+---------------+------------------------------------------------+--------+-------+------------+----------+--------------+
; Type                         ; Slack ; Required Time ; Actual Time                                    ; From   ; To    ; From Clock ; To Clock ; Failed Paths ;
+------------------------------+-------+---------------+------------------------------------------------+--------+-------+------------+----------+--------------+
; Worst-case tco               ; N/A   ; None          ; 8.582 ns                                       ; inst11 ; Q1    ; CLK        ; --       ; 0            ;
; Clock Setup: 'CLK'           ; N/A   ; None          ; Restricted to 420.17 MHz ( period = 2.380 ns ) ; inst11 ; inst8 ; CLK        ; CLK      ; 0            ;
; Total number of failed paths ;       ;               ;                                                ;        ;       ;            ;          ; 0            ;
+------------------------------+-------+---------------+------------------------------------------------+--------+-------+------------+----------+--------------+


+-----------------------------------------------------------------------------------------------------------------------------------------------------+
; Timing Analyzer Settings                                                                                                                            ;
+------------------------------------------------------------------------------------------------------+--------------------+------+----+-------------+
; Option                                                                                               ; Setting            ; From ; To ; Entity Name ;
+------------------------------------------------------------------------------------------------------+--------------------+------+----+-------------+
; Device Name                                                                                          ; EP2C35F672C6       ;      ;    ;             ;
; Timing Models                                                                                        ; Final              ;      ;    ;             ;
; Default hold multicycle                                                                              ; Same as Multicycle ;      ;    ;             ;
; Cut paths between unrelated clock domains                                                            ; On                 ;      ;    ;             ;
; Cut off read during write signal paths                                                               ; On                 ;      ;    ;             ;
; Cut off feedback from I/O pins                                                                       ; On                 ;      ;    ;             ;
; Report Combined Fast/Slow Timing                                                                     ; Off                ;      ;    ;             ;
; Ignore Clock Settings                                                                                ; Off                ;      ;    ;             ;
; Analyze latches as synchronous elements                                                              ; On                 ;      ;    ;             ;
; Enable Recovery/Removal analysis                                                                     ; Off                ;      ;    ;             ;
; Enable Clock Latency                                                                                 ; Off                ;      ;    ;             ;
; Use TimeQuest Timing Analyzer                                                                        ; Off                ;      ;    ;             ;
; Minimum Core Junction Temperature                                                                    ; 0                  ;      ;    ;             ;
; Maximum Core Junction Temperature                                                                    ; 85                 ;      ;    ;             ;
; Number of source nodes to report per destination node                                                ; 10                 ;      ;    ;             ;
; Number of destination nodes to report                                                                ; 10                 ;      ;    ;             ;
; Number of paths to report                                                                            ; 200                ;      ;    ;             ;
; Report Minimum Timing Checks                                                                         ; Off                ;      ;    ;             ;
; Use Fast Timing Models                                                                               ; Off                ;      ;    ;             ;
; Report IO Paths Separately                                                                           ; Off                ;      ;    ;             ;
; Perform Multicorner Analysis                                                                         ; On                 ;      ;    ;             ;
; Reports the worst-case path for each clock domain and analysis                                       ; Off                ;      ;    ;             ;
; Reports worst-case timing paths for each clock domain and analysis                                   ; On                 ;      ;    ;             ;
; Specifies the maximum number of worst-case timing paths to report for each clock domain and analysis ; 100                ;      ;    ;             ;
; Removes common clock path pessimism (CCPP) during slack computation                                  ; Off                ;      ;    ;             ;
; Output I/O Timing Endpoint                                                                           ; Near End           ;      ;    ;             ;
+------------------------------------------------------------------------------------------------------+--------------------+------+----+-------------+


+------------------------------------------------------------------------------------------------------------------------------------------------------------------------------------+
; Clock Settings Summary                                                                                                                                                             ;
+-----------------+--------------------+----------+------------------+---------------+--------------+----------+-----------------------+---------------------+--------+--------------+
; Clock Node Name ; Clock Setting Name ; Type     ; Fmax Requirement ; Early Latency ; Late Latency ; Based on ; Multiply Base Fmax by ; Divide Base Fmax by ; Offset ; Phase offset ;
+-----------------+--------------------+----------+------------------+---------------+--------------+----------+-----------------------+---------------------+--------+--------------+
; CLK             ;                    ; User Pin ; None             ; 0.000 ns      ; 0.000 ns     ; --       ; N/A                   ; N/A                 ; N/A    ;              ;
+-----------------+--------------------+----------+------------------+---------------+--------------+----------+-----------------------+---------------------+--------+--------------+


Parallel compilation was disabled, but you have multiple processors available. Enable parallel compilation to reduce compilation time.
+-------------------------------------+
; Parallel Compilation                ;
+----------------------------+--------+
; Processors                 ; Number ;
+----------------------------+--------+
; Number detected on machine ; 2      ;
; Maximum allowed            ; 1      ;
+----------------------------+--------+


+--------------------------------------------------------------------------------------------------------------------------------------------------------------------------------------+
; Clock Setup: 'CLK'                                                                                                                                                                   ;
+-------+------------------------------------------------+--------+--------+------------+----------+-----------------------------+---------------------------+-------------------------+
; Slack ; Actual fmax (period)                           ; From   ; To     ; From Clock ; To Clock ; Required Setup Relationship ; Required Longest P2P Time ; Actual Longest P2P Time ;
+-------+------------------------------------------------+--------+--------+------------+----------+-----------------------------+---------------------------+-------------------------+
; N/A   ; Restricted to 420.17 MHz ( period = 2.380 ns ) ; inst11 ; inst8  ; CLK        ; CLK      ; None                        ; None                      ; 0.820 ns                ;
; N/A   ; Restricted to 420.17 MHz ( period = 2.380 ns ) ; inst8  ; inst11 ; CLK        ; CLK      ; None                        ; None                      ; 0.811 ns                ;
; N/A   ; Restricted to 420.17 MHz ( period = 2.380 ns ) ; inst11 ; inst12 ; CLK        ; CLK      ; None                        ; None                      ; 0.548 ns                ;
; N/A   ; Restricted to 420.17 MHz ( period = 2.380 ns ) ; inst12 ; inst8  ; CLK        ; CLK      ; None                        ; None                      ; 0.547 ns                ;
; N/A   ; Restricted to 420.17 MHz ( period = 2.380 ns ) ; inst12 ; inst11 ; CLK        ; CLK      ; None                        ; None                      ; 0.547 ns                ;
; N/A   ; Restricted to 420.17 MHz ( period = 2.380 ns ) ; inst8  ; inst8  ; CLK        ; CLK      ; None                        ; None                      ; 0.407 ns                ;
; N/A   ; Restricted to 420.17 MHz ( period = 2.380 ns ) ; inst11 ; inst11 ; CLK        ; CLK      ; None                        ; None                      ; 0.407 ns                ;
; N/A   ; Restricted to 420.17 MHz ( period = 2.380 ns ) ; inst12 ; inst12 ; CLK        ; CLK      ; None                        ; None                      ; 0.407 ns                ;
+-------+------------------------------------------------+--------+--------+------------+----------+-----------------------------+---------------------------+-------------------------+


+--------------------------------------------------------------+
; tco                                                          ;
+-------+--------------+------------+--------+----+------------+
; Slack ; Required tco ; Actual tco ; From   ; To ; From Clock ;
+-------+--------------+------------+--------+----+------------+
; N/A   ; None         ; 8.582 ns   ; inst11 ; Q1 ; CLK        ;
; N/A   ; None         ; 7.233 ns   ; inst12 ; Q2 ; CLK        ;
; N/A   ; None         ; 6.687 ns   ; inst8  ; Q0 ; CLK        ;
+-------+--------------+------------+--------+----+------------+


+--------------------------+
; Timing Analyzer Messages ;
+--------------------------+
Info: *******************************************************************
Info: Running Quartus II Classic Timing Analyzer
    Info: Version 9.1 Build 222 10/21/2009 SJ Web Edition
    Info: Processing started: Fri Nov 22 10:28:46 2013
Info: Command: quartus_tan --read_settings_files=off --write_settings_files=off lab11 -c lab11 --timing_analysis_only
Warning: Found pins functioning as undefined clocks and/or memory enables
    Info: Assuming node "CLK" is an undefined clock
Info: Clock "CLK" Internal fmax is restricted to 420.17 MHz between source register "inst11" and destination register "inst8"
    Info: fmax restricted to clock pin edge rate 2.38 ns. Expand message to see actual delay path.
        Info: + Longest register to register delay is 0.820 ns
            Info: 1: + IC(0.000 ns) + CELL(0.000 ns) = 0.000 ns; Loc. = LCFF_X29_Y30_N3; Fanout = 4; REG Node = 'inst11'
            Info: 2: + IC(0.316 ns) + CELL(0.420 ns) = 0.736 ns; Loc. = LCCOMB_X29_Y30_N0; Fanout = 1; COMB Node = 'inst8~0'
            Info: 3: + IC(0.000 ns) + CELL(0.084 ns) = 0.820 ns; Loc. = LCFF_X29_Y30_N1; Fanout = 3; REG Node = 'inst8'
            Info: Total cell delay = 0.504 ns ( 61.46 % )
            Info: Total interconnect delay = 0.316 ns ( 38.54 % )
        Info: - Smallest clock skew is 0.000 ns
            Info: + Shortest clock path from clock "CLK" to destination register is 2.681 ns
                Info: 1: + IC(0.000 ns) + CELL(0.999 ns) = 0.999 ns; Loc. = PIN_P2; Fanout = 1; CLK Node = 'CLK'
                Info: 2: + IC(0.118 ns) + CELL(0.000 ns) = 1.117 ns; Loc. = CLKCTRL_G3; Fanout = 3; COMB Node = 'CLK~clkctrl'
                Info: 3: + IC(1.027 ns) + CELL(0.537 ns) = 2.681 ns; Loc. = LCFF_X29_Y30_N1; Fanout = 3; REG Node = 'inst8'
                Info: Total cell delay = 1.536 ns ( 57.29 % )
                Info: Total interconnect delay = 1.145 ns ( 42.71 % )
            Info: - Longest clock path from clock "CLK" to source register is 2.681 ns
                Info: 1: + IC(0.000 ns) + CELL(0.999 ns) = 0.999 ns; Loc. = PIN_P2; Fanout = 1; CLK Node = 'CLK'
                Info: 2: + IC(0.118 ns) + CELL(0.000 ns) = 1.117 ns; Loc. = CLKCTRL_G3; Fanout = 3; COMB Node = 'CLK~clkctrl'
                Info: 3: + IC(1.027 ns) + CELL(0.537 ns) = 2.681 ns; Loc. = LCFF_X29_Y30_N3; Fanout = 4; REG Node = 'inst11'
                Info: Total cell delay = 1.536 ns ( 57.29 % )
                Info: Total interconnect delay = 1.145 ns ( 42.71 % )
        Info: + Micro clock to output delay of source is 0.250 ns
        Info: + Micro setup delay of destination is -0.036 ns
Info: tco from clock "CLK" to destination pin "Q1" through register "inst11" is 8.582 ns
    Info: + Longest clock path from clock "CLK" to source register is 2.681 ns
        Info: 1: + IC(0.000 ns) + CELL(0.999 ns) = 0.999 ns; Loc. = PIN_P2; Fanout = 1; CLK Node = 'CLK'
        Info: 2: + IC(0.118 ns) + CELL(0.000 ns) = 1.117 ns; Loc. = CLKCTRL_G3; Fanout = 3; COMB Node = 'CLK~clkctrl'
        Info: 3: + IC(1.027 ns) + CELL(0.537 ns) = 2.681 ns; Loc. = LCFF_X29_Y30_N3; Fanout = 4; REG Node = 'inst11'
        Info: Total cell delay = 1.536 ns ( 57.29 % )
        Info: Total interconnect delay = 1.145 ns ( 42.71 % )
    Info: + Micro clock to output delay of source is 0.250 ns
    Info: + Longest register to pin delay is 5.651 ns
        Info: 1: + IC(0.000 ns) + CELL(0.000 ns) = 0.000 ns; Loc. = LCFF_X29_Y30_N3; Fanout = 4; REG Node = 'inst11'
        Info: 2: + IC(2.863 ns) + CELL(2.788 ns) = 5.651 ns; Loc. = PIN_V11; Fanout = 0; PIN Node = 'Q1'
        Info: Total cell delay = 2.788 ns ( 49.34 % )
        Info: Total interconnect delay = 2.863 ns ( 50.66 % )
Info: Quartus II Classic Timing Analyzer was successful. 0 errors, 1 warning
    Info: Peak virtual memory: 129 megabytes
    Info: Processing ended: Fri Nov 22 10:28:46 2013
    Info: Elapsed time: 00:00:00
    Info: Total CPU time (on all processors): 00:00:00


